<?xml version="1.0" encoding="UTF-8"?>
<testsuite name="swerve.LibraryTest" tests="1" skipped="1" failures="0" errors="0" timestamp="2022-02-19T18:27:20" hostname="GABRIEL-LAPTOP" time="0.0">
  <properties/>
  <testcase name="testSomeLibraryMethod" classname="swerve.LibraryTest" time="0.0">
    <skipped/>
  </testcase>
  <system-out><![CDATA[]]></system-out>
  <system-err><![CDATA[]]></system-err>
</testsuite>
